PraPR 2 (JDK 1.7) Fix Report - Wed Oct 14 10:56:05 AEDT 2020
Number of Plausible Fixes: 2
Total Number of Patches: 3374
================================================
1.
	Mutator: ConditionalsBoundaryMutator
	Description: changed conditional boundary
	File Name: org/joda/time/DateTimeZone.java
	Line Number: 900
	Rank: 2
	Total Rank: 2018
	Dump: mutant-1.class
------------------------------------------------
2.
	Mutator: RemoveConditionalMutator_ORDER_IF
	Description: removed conditional - replaced comparison check with true
	File Name: org/joda/time/DateTimeZone.java
	Line Number: 900
	Rank: 2
	Total Rank: 2018
	Dump: mutant-2.class
------------------------------------------------
