PraPR 2 (JDK 1.7) Fix Report - Wed Nov 18 10:43:28 AEDT 2020
Number of Plausible Fixes: 7
Total Number of Patches: 668
================================================
1.
	Mutator: NonVoidMethodCallMutator
	Description: removed call to java/lang/String::substring
	File Name: org/apache/commons/lang3/math/NumberUtils.java
	Line Number: 489
	Rank: 1
	Total Rank: 239
	Dump: mutant-2.class
------------------------------------------------
2.
	Mutator: ArgumentsListMutator
	Description: replaced call to substring(II)Ljava/lang/String; with a call to substring(I)Ljava/lang/String;
	File Name: org/apache/commons/lang3/math/NumberUtils.java
	Line Number: 489
	Rank: 2
	Total Rank: 261
	Dump: mutant-5.class
------------------------------------------------
3.
	Mutator: NakedReceiverMutator
	Description: replaced call to java/lang/String::substring with receiver
	File Name: org/apache/commons/lang3/math/NumberUtils.java
	Line Number: 489
	Rank: 3
	Total Rank: 270
	Dump: mutant-4.class
------------------------------------------------
4.
	Mutator: InlineConstantMutator
	Description: Substituted 1 with 0
	File Name: org/apache/commons/lang3/math/NumberUtils.java
	Line Number: 474
	Rank: 5
	Total Rank: 516
	Dump: mutant-1.class
------------------------------------------------
5.
	Mutator: InlineConstantMutator
	Description: Substituted 101 with 102
	File Name: org/apache/commons/lang3/math/NumberUtils.java
	Line Number: 474
	Rank: 5
	Total Rank: 516
	Dump: mutant-3.class
------------------------------------------------
6.
	Mutator: ArgumentsListMutator
	Description: replaced call to indexOf(I)I with a call to indexOf(Ljava/lang/String;I)I
	File Name: org/apache/commons/lang3/math/NumberUtils.java
	Line Number: 474
	Rank: 6
	Total Rank: 541
	Dump: mutant-6.class
------------------------------------------------
7.
	Mutator: RemoveConditionalMutator_ORDER_ELSE
	Description: removed conditional - replaced comparison check with false
	File Name: org/apache/commons/lang3/math/NumberUtils.java
	Line Number: 488
	Rank: 7
	Total Rank: 545
	Dump: mutant-7.class
------------------------------------------------
